<?xml version="1.0" encoding="UTF-8"?>
<!-- Generated by org.testng.reporters.JUnitReportReporter -->
<testsuite skipped="0" hostname="Amar" name="pac.Login" tests="1" failures="0" timestamp="04 Feb 2021 10:26:16 GMT" time="22.382" errors="0">
  <testcase name="login2" time="22.382" classname="pac.Login"/>
</testsuite> <!-- pac.Login -->
