<?xml version="1.0" encoding="UTF-8"?>
<!-- Generated by org.testng.reporters.JUnitReportReporter -->
<testsuite skipped="0" hostname="Amar" name="pac.HomePage" tests="1" failures="0" timestamp="04 Feb 2021 10:26:16 GMT" time="14.958" errors="0">
  <testcase name="login1" time="14.958" classname="pac.HomePage"/>
</testsuite> <!-- pac.HomePage -->
