<?xml version="1.0" encoding="UTF-8"?>
<!-- Generated by org.testng.reporters.JUnitReportReporter -->
<testsuite skipped="0" hostname="Amar" name="pac.Login" tests="1" failures="0" timestamp="04 Feb 2021 07:40:42 GMT" time="9.775" errors="0">
  <testcase name="login1" time="9.775" classname="pac.Login"/>
</testsuite> <!-- pac.Login -->
